2017-04-15 16:22:19,331 <__init__>: Initializing Analytics object
2017-04-15 16:22:19,331 <gen_sources>: Generating source data
2017-04-15 16:45:01,396 <__init__>: Initializing Analytics object
2017-04-15 16:45:01,397 <gen_tts_ttd>: Generating tts & ttd summary data
2017-04-15 16:45:15,036 <gen_tts_ttd>: Generating tts & ttd detailed data
2017-04-15 16:45:18,420 <gen_bouncerate>: Generating bouncerate above avrg paths
2017-04-15 16:45:20,068 <gen_bouncerate>: Generating bounce rate summary data
2017-04-15 16:45:21,807 <gen_bouncerate>: Generating bouncerate detailed data
2017-04-15 16:45:23,560 <gen_sources>: Generating source data
2017-04-16 01:51:59,135 <__init__>: Initializing Analytics object
2017-04-16 01:51:59,135 <gen_exec_overview>: Generating executive overview data
2017-04-16 01:52:03,308 <gen_tts_ttd>: Generating tts & ttd summary data
2017-04-16 01:52:06,955 <gen_tts_ttd>: Generating tts & ttd detailed data
2017-04-16 01:52:10,363 <gen_bouncerate>: Generating bouncerate above avrg paths
2017-04-16 01:52:11,949 <gen_bouncerate>: Generating bounce rate summary data
2017-04-16 01:52:13,579 <gen_bouncerate>: Generating bouncerate detailed data
2017-04-16 01:52:15,503 <gen_sources>: Generating source data
2017-04-16 02:01:04,355 <__init__>: Initializing Analytics object
2017-04-16 02:01:04,355 <gen_exec_overview>: Generating executive overview data
2017-04-16 02:01:08,885 <gen_tts_ttd>: Generating tts & ttd summary data
2017-04-16 02:01:12,972 <gen_tts_ttd>: Generating tts & ttd detailed data
2017-04-16 02:01:16,548 <gen_bouncerate>: Generating bouncerate above avrg paths
2017-04-16 02:01:18,241 <gen_bouncerate>: Generating bounce rate summary data
2017-04-16 02:01:20,090 <gen_bouncerate>: Generating bouncerate detailed data
2017-04-16 02:01:21,781 <gen_sources>: Generating source data
2017-04-16 02:01:38,290 <__init__>: Initializing Analytics object
2017-04-16 02:01:38,290 <gen_exec_overview>: Generating executive overview data
2017-04-16 02:01:41,758 <gen_tts_ttd>: Generating tts & ttd summary data
2017-04-16 02:01:45,254 <gen_tts_ttd>: Generating tts & ttd detailed data
2017-04-16 02:01:48,970 <gen_bouncerate>: Generating bouncerate above avrg paths
2017-04-16 02:01:50,707 <gen_bouncerate>: Generating bounce rate summary data
2017-04-16 02:01:52,808 <gen_bouncerate>: Generating bouncerate detailed data
2017-04-16 02:01:54,448 <gen_sources>: Generating source data
2017-04-18 23:41:26,304 <__init__>: Initializing Analytics object
2017-04-18 23:41:26,314 <gen_exec_overview>: Generating executive overview data
2017-04-18 23:41:29,489 <gen_tts_ttd>: Generating tts & ttd summary data
2017-04-18 23:41:32,024 <gen_tts_ttd>: Generating tts & ttd detailed data
2017-04-18 23:41:34,574 <gen_bouncerate>: Generating bouncerate above avrg paths
2017-04-18 23:41:35,861 <gen_bouncerate>: Generating bounce rate summary data
2017-04-18 23:41:37,111 <gen_bouncerate>: Generating bouncerate detailed data
2017-04-18 23:41:38,384 <gen_sources>: Generating source data
2017-04-20 16:20:15,793 <__init__>: Initializing Analytics object
2017-04-20 16:20:15,807 <gen_exec_overview>: Generating executive overview data
2017-04-20 16:20:20,826 <gen_tts_ttd>: Generating tts & ttd summary data
2017-04-20 16:20:27,240 <gen_tts_ttd>: Generating tts & ttd detailed data
2017-04-20 16:20:30,915 <gen_bouncerate>: Generating bouncerate above avrg paths
2017-04-20 16:20:32,569 <gen_bouncerate>: Generating bounce rate summary data
2017-04-20 16:20:34,284 <gen_bouncerate>: Generating bouncerate detailed data
2017-04-20 16:20:36,132 <gen_sources>: Generating source data
2017-04-20 16:22:16,610 <__init__>: Initializing Analytics object
2017-04-20 16:22:16,634 <gen_exec_overview>: Generating executive overview data
2017-04-20 16:22:19,954 <gen_tts_ttd>: Generating tts & ttd summary data
2017-04-20 16:22:23,025 <gen_tts_ttd>: Generating tts & ttd detailed data
2017-04-20 16:22:26,494 <gen_bouncerate>: Generating bouncerate above avrg paths
2017-04-20 16:22:28,043 <gen_bouncerate>: Generating bounce rate summary data
2017-04-20 16:22:29,722 <gen_bouncerate>: Generating bouncerate detailed data
2017-04-20 16:22:31,392 <gen_sources>: Generating source data
2017-04-20 16:53:53,014 <__init__>: Initializing Analytics object
2017-04-20 16:53:53,015 <gen_exec_overview>: Generating executive overview data
2017-04-20 16:53:56,632 <gen_tts_ttd>: Generating tts & ttd summary data
2017-04-20 16:53:59,743 <gen_tts_ttd>: Generating tts & ttd detailed data
2017-04-20 16:54:04,036 <gen_bouncerate>: Generating bouncerate above avrg paths
2017-04-20 16:54:05,586 <gen_bouncerate>: Generating bounce rate summary data
2017-04-20 16:54:07,222 <gen_bouncerate>: Generating bouncerate detailed data
2017-04-20 16:54:08,924 <gen_sources>: Generating source data
2017-04-20 16:59:33,445 <__init__>: Initializing Analytics object
2017-04-20 16:59:33,445 <gen_exec_overview>: Generating executive overview data
2017-04-20 16:59:41,840 <gen_tts_ttd>: Generating tts & ttd summary data
2017-04-20 16:59:50,128 <gen_tts_ttd>: Generating tts & ttd detailed data
2017-04-20 17:00:03,231 <gen_bouncerate>: Generating bouncerate above avrg paths
2017-04-20 17:00:10,029 <gen_bouncerate>: Generating bounce rate summary data
2017-04-20 17:00:11,420 <gen_bouncerate>: Generating bouncerate detailed data
2017-04-20 17:00:13,332 <gen_sources>: Generating source data
2017-04-20 17:01:15,048 <__init__>: Initializing Analytics object
2017-04-20 17:01:15,048 <gen_exec_overview>: Generating executive overview data
2017-04-20 17:01:24,514 <gen_tts_ttd>: Generating tts & ttd summary data
2017-04-20 17:01:37,771 <gen_tts_ttd>: Generating tts & ttd detailed data
2017-04-20 17:01:40,889 <gen_bouncerate>: Generating bouncerate above avrg paths
2017-04-20 17:01:42,682 <gen_bouncerate>: Generating bounce rate summary data
2017-04-20 17:01:44,550 <gen_bouncerate>: Generating bouncerate detailed data
2017-04-20 17:01:46,208 <gen_sources>: Generating source data
2017-04-20 19:00:15,052 <__init__>: Initializing Analytics object
2017-04-20 19:00:15,053 <gen_exec_overview>: Generating executive overview data
2017-04-20 19:00:18,148 <gen_tts_ttd>: Generating tts & ttd summary data
2017-04-20 19:00:21,069 <gen_tts_ttd>: Generating tts & ttd detailed data
2017-04-20 19:00:24,236 <gen_bouncerate>: Generating bouncerate above avrg paths
2017-04-20 19:00:32,796 <gen_bouncerate>: Generating bounce rate summary data
2017-04-20 19:00:34,286 <gen_bouncerate>: Generating bouncerate detailed data
2017-04-20 19:00:35,899 <gen_sources>: Generating source data
2017-04-23 10:59:08,343 <__init__>: Initializing Analytics object
2017-04-23 10:59:08,344 <gen_sources>: Generating source data
2017-04-23 11:27:23,230 <__init__>: Initializing Analytics object
2017-04-23 11:27:23,230 <gen_sources>: Generating source data
2017-04-23 11:31:47,647 <__init__>: Initializing Analytics object
2017-04-23 11:31:47,647 <gen_sources>: Generating source data
2017-04-23 12:00:54,156 <__init__>: Initializing Analytics object
2017-04-23 12:00:54,156 <gen_sources>: Generating source data
2017-04-23 12:03:28,091 <__init__>: Initializing Analytics object
2017-04-23 12:03:28,091 <gen_sources>: Generating source data
2017-04-23 12:09:25,930 <__init__>: Initializing Analytics object
2017-04-23 12:09:25,930 <gen_sources>: Generating source data
2017-04-23 14:41:19,580 <__init__>: Initializing Analytics object
2017-04-23 14:41:19,580 <gen_sources>: Generating source data
2017-04-23 14:42:33,380 <__init__>: Initializing Analytics object
2017-04-23 14:42:33,380 <gen_sources>: Generating source data
2017-04-23 14:44:54,270 <__init__>: Initializing Analytics object
2017-04-23 14:44:54,270 <gen_sources>: Generating source data
2017-04-23 14:47:56,955 <__init__>: Initializing Analytics object
2017-04-23 14:47:56,955 <gen_sources>: Generating source data
2017-04-23 15:00:03,020 <__init__>: Initializing Analytics object
2017-04-23 15:00:03,020 <gen_sources>: Generating source data
2017-04-23 15:00:19,433 <__init__>: Initializing Analytics object
2017-04-23 15:00:19,433 <gen_sources>: Generating source data
2017-04-23 15:04:20,983 <__init__>: Initializing Analytics object
2017-04-23 15:04:20,983 <gen_sources>: Generating source data
2017-04-23 15:04:43,518 <__init__>: Initializing Analytics object
2017-04-23 15:04:43,519 <gen_sources>: Generating source data
2017-04-23 15:07:21,405 <__init__>: Initializing Analytics object
2017-04-23 15:07:21,405 <gen_sources>: Generating source data
2017-04-23 15:08:31,718 <__init__>: Initializing Analytics object
2017-04-23 15:08:31,718 <gen_sources>: Generating source data
2017-04-23 15:11:28,164 <__init__>: Initializing Analytics object
2017-04-23 15:11:28,164 <gen_sources>: Generating source data
2017-04-23 15:13:46,739 <__init__>: Initializing Analytics object
2017-04-23 15:13:46,739 <gen_sources>: Generating source data
2017-04-23 15:22:52,396 <__init__>: Initializing Analytics object
2017-04-23 15:22:52,396 <gen_sources>: Generating source data
2017-04-23 15:23:32,618 <__init__>: Initializing Analytics object
2017-04-23 15:23:32,619 <gen_sources>: Generating source data
2017-04-23 15:26:04,588 <__init__>: Initializing Analytics object
2017-04-23 15:26:04,588 <gen_sources>: Generating source data
2017-04-23 15:26:20,697 <__init__>: Initializing Analytics object
2017-04-23 15:26:20,697 <gen_sources>: Generating source data
2017-04-23 15:26:49,605 <__init__>: Initializing Analytics object
2017-04-23 15:26:49,605 <gen_sources>: Generating source data
2017-04-23 15:28:03,345 <__init__>: Initializing Analytics object
2017-04-23 15:28:03,346 <gen_sources>: Generating source data
2017-04-23 15:30:44,487 <__init__>: Initializing Analytics object
2017-04-23 15:30:44,487 <gen_sources>: Generating source data
2017-04-23 15:31:11,414 <__init__>: Initializing Analytics object
2017-04-23 15:31:11,414 <gen_sources>: Generating source data
2017-04-23 15:31:46,652 <__init__>: Initializing Analytics object
2017-04-23 15:31:46,652 <gen_sources>: Generating source data
2017-04-23 15:32:03,024 <__init__>: Initializing Analytics object
2017-04-23 15:32:03,024 <gen_sources>: Generating source data
2017-04-23 15:34:00,172 <__init__>: Initializing Analytics object
2017-04-23 15:34:00,173 <gen_sources>: Generating source data
2017-04-23 15:39:07,451 <__init__>: Initializing Analytics object
2017-04-23 15:39:07,451 <gen_sources>: Generating source data
2017-04-23 15:50:32,236 <__init__>: Initializing Analytics object
2017-04-23 15:50:32,236 <gen_sources>: Generating source data
2017-04-23 16:01:45,233 <__init__>: Initializing Analytics object
2017-04-23 16:01:45,233 <gen_sources>: Generating source data
2017-04-23 23:39:36,556 <__init__>: Initializing Analytics object
2017-04-23 23:39:36,557 <gen_exec_overview>: Generating executive overview data
2017-04-23 23:39:40,042 <gen_tts_ttd>: Generating tts & ttd summary data
2017-04-23 23:39:43,998 <gen_tts_ttd>: Generating tts & ttd detailed data
2017-04-23 23:39:47,415 <gen_bouncerate>: Generating bouncerate above avrg paths
2017-04-23 23:39:49,148 <gen_bouncerate>: Generating bounce rate summary data
2017-04-23 23:39:50,789 <gen_bouncerate>: Generating bouncerate detailed data
2017-04-23 23:39:52,503 <gen_sources>: Generating source data
2017-04-23 23:41:56,304 <__init__>: Initializing Analytics object
2017-04-23 23:41:56,304 <gen_exec_overview>: Generating executive overview data
2017-04-23 23:41:59,745 <gen_tts_ttd>: Generating tts & ttd summary data
2017-04-23 23:42:03,079 <gen_tts_ttd>: Generating tts & ttd detailed data
2017-04-23 23:42:06,485 <gen_bouncerate>: Generating bouncerate above avrg paths
2017-04-23 23:42:08,196 <gen_bouncerate>: Generating bounce rate summary data
2017-04-23 23:42:09,946 <gen_bouncerate>: Generating bouncerate detailed data
2017-04-23 23:42:11,623 <gen_sources>: Generating source data
2017-04-23 23:45:37,969 <__init__>: Initializing Analytics object
2017-04-23 23:45:37,969 <gen_exec_overview>: Generating executive overview data
2017-04-23 23:45:41,517 <gen_tts_ttd>: Generating tts & ttd summary data
2017-04-23 23:45:45,292 <gen_tts_ttd>: Generating tts & ttd detailed data
2017-04-23 23:45:48,669 <gen_bouncerate>: Generating bouncerate above avrg paths
2017-04-23 23:45:50,292 <gen_bouncerate>: Generating bounce rate summary data
2017-04-23 23:45:51,851 <gen_bouncerate>: Generating bouncerate detailed data
2017-04-23 23:45:53,490 <gen_sources>: Generating source data
2017-04-24 00:01:14,841 <__init__>: Initializing Analytics object
2017-04-24 00:01:14,841 <gen_exec_overview>: Generating executive overview data
2017-04-24 00:01:18,325 <gen_tts_ttd>: Generating tts & ttd summary data
2017-04-24 00:01:21,502 <gen_tts_ttd>: Generating tts & ttd detailed data
2017-04-24 00:01:24,760 <gen_bouncerate>: Generating bouncerate above avrg paths
2017-04-24 00:01:26,440 <gen_bouncerate>: Generating bounce rate summary data
2017-04-24 00:01:28,058 <gen_bouncerate>: Generating bouncerate detailed data
2017-04-24 00:01:29,808 <gen_sources>: Generating source data
2017-04-24 00:06:20,772 <__init__>: Initializing Analytics object
2017-04-24 00:06:20,773 <gen_exec_overview>: Generating executive overview data
2017-04-24 00:06:24,318 <gen_tts_ttd>: Generating tts & ttd summary data
2017-04-24 00:06:27,710 <gen_tts_ttd>: Generating tts & ttd detailed data
2017-04-24 00:06:31,047 <gen_bouncerate>: Generating bouncerate above avrg paths
2017-04-24 00:06:32,712 <gen_bouncerate>: Generating bounce rate summary data
2017-04-24 00:06:34,371 <gen_bouncerate>: Generating bouncerate detailed data
2017-04-24 00:06:36,159 <gen_sources>: Generating source data
2017-04-24 00:11:16,795 <__init__>: Initializing Analytics object
2017-04-24 00:11:16,795 <gen_exec_overview>: Generating executive overview data
2017-04-24 00:11:20,308 <gen_tts_ttd>: Generating tts & ttd summary data
2017-04-24 00:11:23,785 <gen_tts_ttd>: Generating tts & ttd detailed data
2017-04-24 00:11:27,207 <gen_bouncerate>: Generating bouncerate above avrg paths
2017-04-24 00:11:28,918 <gen_bouncerate>: Generating bounce rate summary data
2017-04-24 00:11:30,491 <gen_bouncerate>: Generating bouncerate detailed data
2017-04-24 00:11:32,518 <gen_sources>: Generating source data
2017-04-24 00:19:02,834 <__init__>: Initializing Analytics object
2017-04-24 00:19:02,834 <gen_exec_overview>: Generating executive overview data
2017-04-24 00:19:06,390 <gen_tts_ttd>: Generating tts & ttd summary data
2017-04-24 00:19:09,832 <gen_tts_ttd>: Generating tts & ttd detailed data
2017-04-24 00:19:14,163 <gen_bouncerate>: Generating bouncerate above avrg paths
2017-04-24 00:19:15,835 <gen_bouncerate>: Generating bounce rate summary data
2017-04-24 00:19:17,502 <gen_bouncerate>: Generating bouncerate detailed data
2017-04-24 00:19:19,222 <gen_sources>: Generating source data
2017-04-24 00:22:28,417 <__init__>: Initializing Analytics object
2017-04-24 00:22:28,418 <gen_exec_overview>: Generating executive overview data
2017-04-24 00:22:31,971 <gen_tts_ttd>: Generating tts & ttd summary data
2017-04-24 00:22:35,355 <gen_tts_ttd>: Generating tts & ttd detailed data
2017-04-24 00:22:38,689 <gen_bouncerate>: Generating bouncerate above avrg paths
2017-04-24 00:22:40,367 <gen_bouncerate>: Generating bounce rate summary data
2017-04-24 00:22:42,064 <gen_bouncerate>: Generating bouncerate detailed data
2017-04-24 00:22:43,846 <gen_sources>: Generating source data
2017-04-24 00:24:22,105 <__init__>: Initializing Analytics object
2017-04-24 00:24:22,105 <gen_exec_overview>: Generating executive overview data
2017-04-24 00:24:25,650 <gen_tts_ttd>: Generating tts & ttd summary data
2017-04-24 00:24:29,148 <gen_tts_ttd>: Generating tts & ttd detailed data
2017-04-24 00:24:32,706 <gen_bouncerate>: Generating bouncerate above avrg paths
2017-04-24 00:24:34,600 <gen_bouncerate>: Generating bounce rate summary data
2017-04-24 00:24:36,201 <gen_bouncerate>: Generating bouncerate detailed data
2017-04-24 00:24:38,033 <gen_sources>: Generating source data
2017-04-24 00:28:38,333 <__init__>: Initializing Analytics object
2017-04-24 00:28:38,333 <gen_exec_overview>: Generating executive overview data
2017-04-24 00:28:42,279 <gen_tts_ttd>: Generating tts & ttd summary data
2017-04-24 00:28:45,647 <gen_tts_ttd>: Generating tts & ttd detailed data
2017-04-24 00:28:48,991 <gen_bouncerate>: Generating bouncerate above avrg paths
2017-04-24 00:28:50,717 <gen_bouncerate>: Generating bounce rate summary data
2017-04-24 00:28:52,673 <gen_bouncerate>: Generating bouncerate detailed data
2017-04-24 00:28:54,468 <gen_sources>: Generating source data
2017-04-24 00:30:52,817 <__init__>: Initializing Analytics object
2017-04-24 00:30:52,817 <gen_exec_overview>: Generating executive overview data
2017-04-24 00:30:56,322 <gen_tts_ttd>: Generating tts & ttd summary data
2017-04-24 00:30:59,945 <gen_tts_ttd>: Generating tts & ttd detailed data
2017-04-24 00:31:03,317 <gen_bouncerate>: Generating bouncerate above avrg paths
2017-04-24 00:31:04,999 <gen_bouncerate>: Generating bounce rate summary data
2017-04-24 00:31:06,752 <gen_bouncerate>: Generating bouncerate detailed data
2017-04-24 00:31:08,498 <gen_sources>: Generating source data
2017-04-24 05:17:17,726 <__init__>: Initializing Analytics object
2017-04-24 05:17:17,727 <gen_exec_overview>: Generating executive overview data
2017-04-24 05:17:21,242 <gen_tts_ttd>: Generating tts & ttd summary data
2017-04-24 05:17:24,619 <gen_tts_ttd>: Generating tts & ttd detailed data
2017-04-24 05:17:28,209 <gen_bouncerate>: Generating bouncerate above avrg paths
2017-04-24 05:17:29,940 <gen_bouncerate>: Generating bounce rate summary data
2017-04-24 05:17:31,588 <gen_bouncerate>: Generating bouncerate detailed data
2017-04-24 05:17:33,247 <gen_sources>: Generating source data
2017-04-24 05:21:08,747 <__init__>: Initializing Analytics object
2017-04-24 05:21:08,747 <gen_exec_overview>: Generating executive overview data
2017-04-24 05:21:12,954 <gen_tts_ttd>: Generating tts & ttd summary data
2017-04-24 05:21:16,983 <gen_tts_ttd>: Generating tts & ttd detailed data
2017-04-24 05:21:20,963 <gen_bouncerate>: Generating bouncerate above avrg paths
2017-04-24 05:21:22,963 <gen_bouncerate>: Generating bounce rate summary data
2017-04-24 05:21:24,956 <gen_bouncerate>: Generating bouncerate detailed data
2017-04-24 05:21:26,825 <gen_sources>: Generating source data
2017-04-24 05:22:56,214 <__init__>: Initializing Analytics object
2017-04-24 05:22:56,214 <gen_exec_overview>: Generating executive overview data
2017-04-24 05:23:00,090 <gen_tts_ttd>: Generating tts & ttd summary data
2017-04-24 05:23:03,485 <gen_tts_ttd>: Generating tts & ttd detailed data
2017-04-24 05:23:07,110 <gen_bouncerate>: Generating bouncerate above avrg paths
2017-04-24 05:23:09,049 <gen_bouncerate>: Generating bounce rate summary data
2017-04-24 05:23:10,725 <gen_bouncerate>: Generating bouncerate detailed data
2017-04-24 05:23:12,768 <gen_sources>: Generating source data
2017-04-24 05:28:04,726 <__init__>: Initializing Analytics object
2017-04-24 05:28:04,726 <gen_exec_overview>: Generating executive overview data
2017-04-24 05:28:08,198 <gen_tts_ttd>: Generating tts & ttd summary data
2017-04-24 05:28:11,689 <gen_tts_ttd>: Generating tts & ttd detailed data
2017-04-24 05:28:15,298 <gen_bouncerate>: Generating bouncerate above avrg paths
2017-04-24 05:28:16,989 <gen_bouncerate>: Generating bounce rate summary data
2017-04-24 05:28:18,810 <gen_bouncerate>: Generating bouncerate detailed data
2017-04-24 05:28:20,793 <gen_sources>: Generating source data
2017-04-24 05:30:15,920 <__init__>: Initializing Analytics object
2017-04-24 05:30:15,920 <gen_exec_overview>: Generating executive overview data
2017-04-24 05:30:19,515 <gen_tts_ttd>: Generating tts & ttd summary data
2017-04-24 05:30:23,169 <gen_tts_ttd>: Generating tts & ttd detailed data
2017-04-24 05:30:26,724 <gen_bouncerate>: Generating bouncerate above avrg paths
2017-04-24 05:30:28,500 <gen_bouncerate>: Generating bounce rate summary data
2017-04-24 05:30:30,147 <gen_bouncerate>: Generating bouncerate detailed data
2017-04-24 05:30:31,907 <gen_sources>: Generating source data
2017-04-24 05:35:26,514 <__init__>: Initializing Analytics object
2017-04-24 05:35:26,514 <gen_exec_overview>: Generating executive overview data
2017-04-24 05:35:29,826 <gen_tts_ttd>: Generating tts & ttd summary data
2017-04-24 05:35:33,039 <gen_tts_ttd>: Generating tts & ttd detailed data
2017-04-24 05:35:36,336 <gen_bouncerate>: Generating bouncerate above avrg paths
2017-04-24 05:35:38,047 <gen_bouncerate>: Generating bounce rate summary data
2017-04-24 05:35:39,708 <gen_bouncerate>: Generating bouncerate detailed data
2017-04-24 05:35:41,365 <gen_sources>: Generating source data
2017-04-24 05:38:27,121 <__init__>: Initializing Analytics object
2017-04-24 05:38:27,121 <gen_exec_overview>: Generating executive overview data
2017-04-24 05:38:30,694 <gen_tts_ttd>: Generating tts & ttd summary data
2017-04-24 05:38:34,121 <gen_tts_ttd>: Generating tts & ttd detailed data
2017-04-24 05:38:37,476 <gen_bouncerate>: Generating bouncerate above avrg paths
2017-04-24 05:38:39,153 <gen_bouncerate>: Generating bounce rate summary data
2017-04-24 05:38:40,781 <gen_bouncerate>: Generating bouncerate detailed data
2017-04-24 05:38:42,484 <gen_sources>: Generating source data
2017-04-24 05:40:12,112 <__init__>: Initializing Analytics object
2017-04-24 05:40:12,112 <gen_exec_overview>: Generating executive overview data
2017-04-24 05:40:15,438 <gen_tts_ttd>: Generating tts & ttd summary data
2017-04-24 05:40:18,787 <gen_tts_ttd>: Generating tts & ttd detailed data
2017-04-24 05:40:22,036 <gen_bouncerate>: Generating bouncerate above avrg paths
2017-04-24 05:40:23,692 <gen_bouncerate>: Generating bounce rate summary data
2017-04-24 05:40:25,378 <gen_bouncerate>: Generating bouncerate detailed data
2017-04-24 05:40:27,145 <gen_sources>: Generating source data
2017-04-24 19:34:53,369 <__init__>: Initializing Analytics object
2017-04-24 19:34:53,370 <gen_exec_overview>: Generating executive overview data
2017-04-24 19:34:56,509 <gen_tts_ttd>: Generating tts & ttd summary data
2017-04-24 19:34:59,137 <gen_tts_ttd>: Generating tts & ttd detailed data
2017-04-24 19:35:02,104 <gen_bouncerate>: Generating bouncerate above avrg paths
2017-04-24 19:35:03,849 <gen_bouncerate>: Generating bounce rate summary data
2017-04-24 19:35:05,163 <gen_bouncerate>: Generating bouncerate detailed data
2017-04-24 19:35:06,638 <gen_sources>: Generating source data
2017-04-24 19:38:35,953 <__init__>: Initializing Analytics object
2017-04-24 19:38:35,953 <gen_exec_overview>: Generating executive overview data
2017-04-24 19:38:48,941 <gen_tts_ttd>: Generating tts & ttd summary data
2017-04-24 19:38:51,353 <gen_tts_ttd>: Generating tts & ttd detailed data
2017-04-24 19:38:53,826 <gen_bouncerate>: Generating bouncerate above avrg paths
2017-04-24 19:38:55,049 <gen_bouncerate>: Generating bounce rate summary data
2017-04-24 19:38:56,408 <gen_bouncerate>: Generating bouncerate detailed data
2017-04-24 19:38:57,728 <gen_sources>: Generating source data
2017-04-24 19:41:59,566 <__init__>: Initializing Analytics object
2017-04-24 19:41:59,567 <gen_exec_overview>: Generating executive overview data
2017-04-24 19:42:02,741 <gen_tts_ttd>: Generating tts & ttd summary data
2017-04-24 19:42:06,585 <gen_tts_ttd>: Generating tts & ttd detailed data
2017-04-24 19:42:10,131 <gen_bouncerate>: Generating bouncerate above avrg paths
2017-04-24 19:42:11,816 <gen_bouncerate>: Generating bounce rate summary data
2017-04-24 19:42:13,344 <gen_bouncerate>: Generating bouncerate detailed data
2017-04-24 19:42:15,455 <gen_sources>: Generating source data
2017-04-24 19:43:40,633 <__init__>: Initializing Analytics object
2017-04-24 19:43:40,633 <gen_exec_overview>: Generating executive overview data
2017-04-24 19:43:43,500 <gen_tts_ttd>: Generating tts & ttd summary data
2017-04-24 19:43:46,034 <gen_tts_ttd>: Generating tts & ttd detailed data
2017-04-24 19:43:48,598 <gen_bouncerate>: Generating bouncerate above avrg paths
2017-04-24 19:43:50,294 <gen_bouncerate>: Generating bounce rate summary data
2017-04-24 19:43:51,519 <gen_bouncerate>: Generating bouncerate detailed data
2017-04-24 19:43:52,881 <gen_sources>: Generating source data
2017-04-24 19:45:25,439 <__init__>: Initializing Analytics object
2017-04-24 19:45:25,439 <gen_exec_overview>: Generating executive overview data
2017-04-24 19:45:34,917 <gen_tts_ttd>: Generating tts & ttd summary data
2017-04-24 19:45:38,181 <gen_tts_ttd>: Generating tts & ttd detailed data
2017-04-24 19:45:40,708 <gen_bouncerate>: Generating bouncerate above avrg paths
2017-04-24 19:45:42,079 <gen_bouncerate>: Generating bounce rate summary data
2017-04-24 19:45:43,491 <gen_bouncerate>: Generating bouncerate detailed data
2017-04-24 19:45:44,988 <gen_sources>: Generating source data
2017-04-24 19:49:06,512 <__init__>: Initializing Analytics object
2017-04-24 19:49:06,512 <gen_exec_overview>: Generating executive overview data
2017-04-24 19:49:19,081 <gen_tts_ttd>: Generating tts & ttd summary data
2017-04-24 19:49:21,589 <gen_tts_ttd>: Generating tts & ttd detailed data
2017-04-24 19:49:24,071 <gen_bouncerate>: Generating bouncerate above avrg paths
2017-04-24 19:49:25,454 <gen_bouncerate>: Generating bounce rate summary data
2017-04-24 19:49:26,878 <gen_bouncerate>: Generating bouncerate detailed data
2017-04-24 19:49:28,403 <gen_sources>: Generating source data
2017-04-25 17:24:57,276 <__init__>: Initializing Analytics object
2017-04-25 17:24:57,277 <gen_exec_overview>: Generating executive overview data
2017-04-25 17:25:00,261 <gen_tts_ttd>: Generating tts & ttd summary data
2017-04-25 17:25:02,935 <gen_tts_ttd>: Generating tts & ttd detailed data
2017-04-25 17:25:05,425 <gen_bouncerate>: Generating bouncerate above avrg paths
2017-04-25 17:25:06,746 <gen_bouncerate>: Generating bounce rate summary data
2017-04-25 17:25:08,067 <gen_bouncerate>: Generating bouncerate detailed data
2017-04-25 17:25:09,427 <gen_sources>: Generating source data
2017-04-25 17:27:32,919 <__init__>: Initializing Analytics object
2017-04-25 17:27:32,920 <gen_exec_overview>: Generating executive overview data
2017-04-25 17:27:35,614 <gen_tts_ttd>: Generating tts & ttd summary data
2017-04-25 17:27:43,326 <gen_tts_ttd>: Generating tts & ttd detailed data
2017-04-25 17:27:45,842 <gen_bouncerate>: Generating bouncerate above avrg paths
2017-04-25 17:27:47,150 <gen_bouncerate>: Generating bounce rate summary data
2017-04-25 17:27:48,675 <gen_bouncerate>: Generating bouncerate detailed data
2017-04-25 17:27:50,430 <gen_sources>: Generating source data
2017-04-25 17:28:59,708 <__init__>: Initializing Analytics object
2017-04-25 17:28:59,709 <gen_exec_overview>: Generating executive overview data
2017-04-25 17:29:02,367 <gen_tts_ttd>: Generating tts & ttd summary data
2017-04-25 17:29:04,976 <gen_tts_ttd>: Generating tts & ttd detailed data
2017-04-25 17:29:07,518 <gen_bouncerate>: Generating bouncerate above avrg paths
2017-04-25 17:29:09,140 <gen_bouncerate>: Generating bounce rate summary data
2017-04-25 17:29:10,414 <gen_bouncerate>: Generating bouncerate detailed data
2017-04-25 17:29:11,918 <gen_sources>: Generating source data
2017-04-25 17:35:19,041 <__init__>: Initializing Analytics object
2017-04-25 17:35:19,041 <gen_exec_overview>: Generating executive overview data
2017-04-25 17:35:27,166 <gen_tts_ttd>: Generating tts & ttd summary data
2017-04-25 17:35:33,305 <gen_tts_ttd>: Generating tts & ttd detailed data
2017-04-25 17:35:36,219 <gen_bouncerate>: Generating bouncerate above avrg paths
2017-04-25 17:35:37,489 <gen_bouncerate>: Generating bounce rate summary data
2017-04-25 17:35:39,133 <gen_bouncerate>: Generating bouncerate detailed data
2017-04-25 17:35:41,146 <gen_sources>: Generating source data
2017-04-25 17:39:42,392 <__init__>: Initializing Analytics object
2017-04-25 17:39:42,392 <gen_exec_overview>: Generating executive overview data
2017-04-25 17:39:50,140 <gen_tts_ttd>: Generating tts & ttd summary data
2017-04-25 17:39:52,937 <gen_tts_ttd>: Generating tts & ttd detailed data
2017-04-25 17:39:55,413 <gen_bouncerate>: Generating bouncerate above avrg paths
2017-04-25 17:39:56,623 <gen_bouncerate>: Generating bounce rate summary data
2017-04-25 17:39:58,214 <gen_bouncerate>: Generating bouncerate detailed data
2017-04-25 17:39:59,555 <gen_sources>: Generating source data
2017-04-25 17:40:53,727 <__init__>: Initializing Analytics object
2017-04-25 17:40:53,727 <gen_exec_overview>: Generating executive overview data
2017-04-25 17:41:02,251 <gen_tts_ttd>: Generating tts & ttd summary data
2017-04-25 17:41:05,300 <gen_tts_ttd>: Generating tts & ttd detailed data
2017-04-25 17:41:08,160 <gen_bouncerate>: Generating bouncerate above avrg paths
2017-04-25 17:41:09,848 <gen_bouncerate>: Generating bounce rate summary data
2017-04-25 17:41:11,777 <gen_bouncerate>: Generating bouncerate detailed data
2017-04-25 17:41:23,410 <gen_sources>: Generating source data
2017-04-25 17:42:11,011 <__init__>: Initializing Analytics object
2017-04-25 17:42:11,011 <gen_exec_overview>: Generating executive overview data
2017-04-25 17:42:18,570 <gen_tts_ttd>: Generating tts & ttd summary data
2017-04-25 17:42:23,388 <gen_tts_ttd>: Generating tts & ttd detailed data
2017-04-25 17:42:26,130 <gen_bouncerate>: Generating bouncerate above avrg paths
2017-04-25 17:42:27,444 <gen_bouncerate>: Generating bounce rate summary data
2017-04-25 17:42:28,835 <gen_bouncerate>: Generating bouncerate detailed data
2017-04-25 17:42:36,157 <gen_sources>: Generating source data
2017-04-25 18:03:34,642 <__init__>: Initializing Analytics object
2017-04-25 18:03:34,680 <gen_exec_overview>: Generating executive overview data
2017-04-25 18:03:37,801 <gen_tts_ttd>: Generating tts & ttd summary data
2017-04-25 18:03:40,161 <gen_tts_ttd>: Generating tts & ttd detailed data
2017-04-25 18:03:42,536 <gen_bouncerate>: Generating bouncerate above avrg paths
2017-04-25 18:03:43,775 <gen_bouncerate>: Generating bounce rate summary data
2017-04-25 18:03:44,928 <gen_bouncerate>: Generating bouncerate detailed data
2017-04-25 18:03:46,245 <gen_sources>: Generating source data
2017-04-26 22:28:35,609 <__init__>: Initializing Analytics object
2017-04-26 22:28:35,609 <gen_exec_overview>: Generating executive overview data
2017-04-26 22:28:40,073 <gen_tts_ttd>: Generating tts & ttd summary data
2017-04-26 22:28:44,045 <gen_tts_ttd>: Generating tts & ttd detailed data
2017-04-26 22:28:48,371 <gen_bouncerate>: Generating bouncerate above avrg paths
2017-04-26 22:28:50,162 <gen_bouncerate>: Generating bounce rate summary data
2017-04-26 22:28:52,283 <gen_bouncerate>: Generating bouncerate detailed data
2017-04-26 22:28:54,299 <gen_sources>: Generating source data
2017-04-26 22:57:36,174 <__init__>: Initializing Analytics object
2017-04-26 22:57:36,175 <gen_exec_overview>: Generating executive overview data
2017-04-26 22:57:40,008 <gen_tts_ttd>: Generating tts & ttd summary data
2017-04-26 22:57:43,352 <gen_tts_ttd>: Generating tts & ttd detailed data
2017-04-26 22:57:46,631 <gen_bouncerate>: Generating bouncerate above avrg paths
2017-04-26 22:57:48,332 <gen_bouncerate>: Generating bounce rate summary data
2017-04-26 22:57:49,996 <gen_bouncerate>: Generating bouncerate detailed data
2017-04-26 22:57:51,745 <gen_sources>: Generating source data
2017-04-26 15:59:00,003 <__init__>: Initializing Analytics object
2017-04-26 15:59:00,004 <gen_sources>: Generating source data
2017-04-26 16:21:59,675 <__init__>: Initializing Analytics object
2017-04-26 16:21:59,675 <gen_sources>: Generating source data
2017-04-26 16:27:53,732 <__init__>: Initializing Analytics object
2017-04-26 16:27:53,732 <gen_sources>: Generating source data
2017-04-26 16:29:44,290 <__init__>: Initializing Analytics object
2017-04-26 16:29:44,290 <gen_sources>: Generating source data
2017-04-26 16:35:21,823 <__init__>: Initializing Analytics object
2017-04-26 16:35:21,823 <gen_sources>: Generating source data
2017-04-26 17:02:13,424 <__init__>: Initializing Analytics object
2017-04-26 17:02:13,424 <gen_sources>: Generating source data
2017-04-26 17:02:38,416 <__init__>: Initializing Analytics object
2017-04-26 17:02:38,417 <gen_sources>: Generating source data
2017-04-26 17:10:15,299 <__init__>: Initializing Analytics object
2017-04-26 17:10:15,299 <gen_sources>: Generating source data
2017-04-26 17:11:01,873 <__init__>: Initializing Analytics object
2017-04-26 17:11:01,873 <gen_sources>: Generating source data
2017-04-26 17:14:02,716 <__init__>: Initializing Analytics object
2017-04-26 17:14:02,716 <gen_sources>: Generating source data
2017-04-27 01:03:49,420 <__init__>: Initializing Analytics object
2017-04-27 01:03:49,420 <gen_exec_overview>: Generating executive overview data
2017-04-27 01:03:52,947 <gen_tts_ttd>: Generating tts & ttd summary data
2017-04-27 01:03:56,317 <gen_tts_ttd>: Generating tts & ttd detailed data
2017-04-27 01:03:59,914 <gen_bouncerate>: Generating bouncerate above avrg paths
2017-04-27 01:04:01,555 <gen_bouncerate>: Generating bounce rate summary data
2017-04-27 01:04:03,266 <gen_bouncerate>: Generating bouncerate detailed data
2017-04-27 01:04:05,035 <gen_sources>: Generating source data
2017-04-27 01:05:13,571 <__init__>: Initializing Analytics object
2017-04-27 01:05:13,571 <gen_exec_overview>: Generating executive overview data
2017-04-27 01:05:16,995 <gen_tts_ttd>: Generating tts & ttd summary data
2017-04-27 01:05:20,391 <gen_tts_ttd>: Generating tts & ttd detailed data
2017-04-27 01:05:23,845 <gen_bouncerate>: Generating bouncerate above avrg paths
2017-04-27 01:05:25,534 <gen_bouncerate>: Generating bounce rate summary data
2017-04-27 01:05:27,350 <gen_bouncerate>: Generating bouncerate detailed data
2017-04-27 01:05:29,183 <gen_sources>: Generating source data
2017-04-27 01:11:49,018 <__init__>: Initializing Analytics object
2017-04-27 01:11:49,019 <gen_exec_overview>: Generating executive overview data
2017-04-27 01:11:52,538 <gen_tts_ttd>: Generating tts & ttd summary data
2017-04-27 01:11:55,837 <gen_tts_ttd>: Generating tts & ttd detailed data
2017-04-27 01:11:59,209 <gen_bouncerate>: Generating bouncerate above avrg paths
2017-04-27 01:12:00,922 <gen_bouncerate>: Generating bounce rate summary data
2017-04-27 01:12:02,706 <gen_bouncerate>: Generating bouncerate detailed data
2017-04-27 01:12:04,432 <gen_sources>: Generating source data
2017-04-27 01:31:38,206 <__init__>: Initializing Analytics object
2017-04-27 01:31:38,206 <gen_exec_overview>: Generating executive overview data
2017-04-27 01:31:42,055 <gen_tts_ttd>: Generating tts & ttd summary data
2017-04-27 01:31:45,332 <gen_tts_ttd>: Generating tts & ttd detailed data
2017-04-27 01:31:48,716 <gen_bouncerate>: Generating bouncerate above avrg paths
2017-04-27 01:31:50,974 <gen_bouncerate>: Generating bounce rate summary data
2017-04-27 01:31:52,609 <gen_bouncerate>: Generating bouncerate detailed data
2017-04-27 01:31:54,473 <gen_sources>: Generating source data
2017-04-27 01:40:47,226 <__init__>: Initializing Analytics object
2017-04-27 01:40:47,226 <gen_exec_overview>: Generating executive overview data
2017-04-27 01:40:50,658 <gen_tts_ttd>: Generating tts & ttd summary data
2017-04-27 01:40:53,916 <gen_tts_ttd>: Generating tts & ttd detailed data
2017-04-27 01:40:57,391 <gen_bouncerate>: Generating bouncerate above avrg paths
2017-04-27 01:40:59,024 <gen_bouncerate>: Generating bounce rate summary data
2017-04-27 01:41:00,663 <gen_bouncerate>: Generating bouncerate detailed data
2017-04-27 01:41:02,325 <gen_sources>: Generating source data
2017-04-27 01:43:19,642 <__init__>: Initializing Analytics object
2017-04-27 01:43:19,642 <gen_exec_overview>: Generating executive overview data
2017-04-27 01:43:23,150 <gen_tts_ttd>: Generating tts & ttd summary data
2017-04-27 01:43:26,618 <gen_tts_ttd>: Generating tts & ttd detailed data
2017-04-27 01:43:30,089 <gen_bouncerate>: Generating bouncerate above avrg paths
2017-04-27 01:43:31,780 <gen_bouncerate>: Generating bounce rate summary data
2017-04-27 01:43:33,456 <gen_bouncerate>: Generating bouncerate detailed data
2017-04-27 01:43:35,118 <gen_sources>: Generating source data
2017-04-27 01:48:59,024 <__init__>: Initializing Analytics object
2017-04-27 01:48:59,025 <gen_exec_overview>: Generating executive overview data
2017-04-27 01:49:02,974 <gen_tts_ttd>: Generating tts & ttd summary data
2017-04-27 01:49:06,381 <gen_tts_ttd>: Generating tts & ttd detailed data
2017-04-27 01:49:09,829 <gen_bouncerate>: Generating bouncerate above avrg paths
2017-04-27 01:49:11,456 <gen_bouncerate>: Generating bounce rate summary data
2017-04-27 01:49:13,142 <gen_bouncerate>: Generating bouncerate detailed data
2017-04-27 01:49:14,823 <gen_sources>: Generating source data
2017-04-27 01:50:42,266 <__init__>: Initializing Analytics object
2017-04-27 01:50:42,267 <gen_exec_overview>: Generating executive overview data
2017-04-27 01:50:45,593 <gen_tts_ttd>: Generating tts & ttd summary data
2017-04-27 01:50:49,194 <gen_tts_ttd>: Generating tts & ttd detailed data
2017-04-27 01:50:52,807 <gen_bouncerate>: Generating bouncerate above avrg paths
2017-04-27 01:50:54,523 <gen_bouncerate>: Generating bounce rate summary data
2017-04-27 01:50:56,197 <gen_bouncerate>: Generating bouncerate detailed data
2017-04-27 01:50:57,969 <gen_sources>: Generating source data
2017-04-27 02:05:41,395 <__init__>: Initializing Analytics object
2017-04-27 02:05:41,395 <gen_exec_overview>: Generating executive overview data
2017-04-27 02:05:44,960 <gen_tts_ttd>: Generating tts & ttd summary data
2017-04-27 02:05:48,222 <gen_tts_ttd>: Generating tts & ttd detailed data
2017-04-27 02:05:51,858 <gen_bouncerate>: Generating bouncerate above avrg paths
2017-04-27 02:05:53,658 <gen_bouncerate>: Generating bounce rate summary data
2017-04-27 02:05:55,298 <gen_bouncerate>: Generating bouncerate detailed data
2017-04-27 02:05:57,036 <gen_sources>: Generating source data
2017-04-26 19:12:54,900 <__init__>: Initializing Analytics object
2017-04-26 19:12:54,900 <gen_tts_ttd>: Generating tts & ttd summary data
2017-04-26 19:12:58,279 <gen_tts_ttd>: Generating tts & ttd detailed data
2017-04-26 19:13:01,836 <gen_bouncerate>: Generating bouncerate above avrg paths
2017-04-26 19:13:03,664 <gen_bouncerate>: Generating bounce rate summary data
2017-04-26 19:13:05,454 <gen_bouncerate>: Generating bouncerate detailed data
2017-04-26 19:13:07,166 <gen_sources>: Generating source data
2017-04-27 02:16:15,322 <__init__>: Initializing Analytics object
2017-04-27 02:16:15,322 <gen_exec_overview>: Generating executive overview data
2017-04-27 02:16:18,768 <gen_tts_ttd>: Generating tts & ttd summary data
2017-04-27 02:16:22,358 <gen_tts_ttd>: Generating tts & ttd detailed data
2017-04-27 02:16:25,886 <gen_bouncerate>: Generating bouncerate above avrg paths
2017-04-27 02:16:27,619 <gen_bouncerate>: Generating bounce rate summary data
2017-04-27 02:16:29,376 <gen_bouncerate>: Generating bouncerate detailed data
2017-04-27 02:16:31,344 <gen_sources>: Generating source data
2017-04-27 02:22:40,347 <__init__>: Initializing Analytics object
2017-04-27 02:22:40,347 <gen_exec_overview>: Generating executive overview data
2017-04-27 02:22:43,821 <gen_tts_ttd>: Generating tts & ttd summary data
2017-04-27 02:22:47,221 <gen_tts_ttd>: Generating tts & ttd detailed data
2017-04-27 02:22:50,809 <gen_bouncerate>: Generating bouncerate above avrg paths
2017-04-27 02:22:52,589 <gen_bouncerate>: Generating bounce rate summary data
2017-04-27 02:22:54,302 <gen_bouncerate>: Generating bouncerate detailed data
2017-04-27 02:22:55,955 <gen_sources>: Generating source data
2017-04-27 18:34:21,365 <__init__>: Initializing Analytics object
2017-04-27 18:34:21,366 <gen_exec_overview>: Generating executive overview data
2017-04-27 18:34:28,162 <gen_tts_ttd>: Generating tts & ttd summary data
2017-04-27 18:34:32,424 <gen_tts_ttd>: Generating tts & ttd detailed data
2017-04-27 18:34:39,774 <gen_bouncerate>: Generating bouncerate above avrg paths
2017-04-27 18:34:41,144 <gen_bouncerate>: Generating bounce rate summary data
2017-04-27 18:34:42,963 <gen_bouncerate>: Generating bouncerate detailed data
2017-04-27 18:34:44,814 <gen_sources>: Generating source data
2017-04-30 18:14:53,213 <__init__>: Initializing Analytics object
2017-04-30 18:14:53,214 <gen_exec_overview>: Generating executive overview data
2017-04-30 18:14:57,332 <gen_tts_ttd>: Generating tts & ttd summary data
2017-04-30 18:15:01,279 <gen_tts_ttd>: Generating tts & ttd detailed data
2017-04-30 18:15:15,459 <gen_bouncerate>: Generating bouncerate above avrg paths
2017-04-30 18:15:17,342 <gen_bouncerate>: Generating bounce rate summary data
2017-04-30 18:15:19,381 <gen_bouncerate>: Generating bouncerate detailed data
2017-04-30 18:15:21,402 <gen_sources>: Generating source data
2017-04-30 18:25:21,491 <__init__>: Initializing Analytics object
2017-04-30 18:25:21,492 <gen_exec_overview>: Generating executive overview data
2017-04-30 18:25:25,176 <gen_tts_ttd>: Generating tts & ttd summary data
2017-04-30 18:25:38,811 <gen_tts_ttd>: Generating tts & ttd detailed data
2017-04-30 18:25:42,549 <gen_bouncerate>: Generating bouncerate above avrg paths
2017-04-30 18:25:44,623 <gen_bouncerate>: Generating bounce rate summary data
2017-04-30 18:25:46,597 <gen_bouncerate>: Generating bouncerate detailed data
2017-04-30 18:25:48,461 <gen_sources>: Generating source data
2017-04-30 19:20:57,280 <__init__>: Initializing Analytics object
2017-04-30 19:20:57,296 <gen_exec_overview>: Generating executive overview data
2017-04-30 19:21:01,596 <gen_tts_ttd>: Generating tts & ttd summary data
2017-04-30 19:21:05,144 <gen_tts_ttd>: Generating tts & ttd detailed data
2017-04-30 19:21:08,590 <gen_bouncerate>: Generating bouncerate above avrg paths
2017-04-30 19:21:10,363 <gen_bouncerate>: Generating bounce rate summary data
2017-04-30 19:21:12,081 <gen_bouncerate>: Generating bouncerate detailed data
2017-04-30 19:21:13,788 <gen_sources>: Generating source data
2017-04-30 20:23:15,482 <__init__>: Initializing Analytics object
2017-04-30 20:23:15,482 <gen_exec_overview>: Generating executive overview data
2017-04-30 20:23:18,802 <gen_tts_ttd>: Generating tts & ttd summary data
2017-04-30 20:23:21,655 <gen_tts_ttd>: Generating tts & ttd detailed data
2017-04-30 20:23:24,523 <gen_bouncerate>: Generating bouncerate above avrg paths
2017-04-30 20:23:25,923 <gen_bouncerate>: Generating bounce rate summary data
2017-04-30 20:23:27,425 <gen_bouncerate>: Generating bouncerate detailed data
2017-04-30 20:23:28,915 <gen_sources>: Generating source data
2017-04-30 20:54:43,261 <__init__>: Initializing Analytics object
2017-04-30 20:54:43,261 <gen_exec_overview>: Generating executive overview data
2017-04-30 20:54:56,838 <gen_tts_ttd>: Generating tts & ttd summary data
2017-04-30 20:55:00,434 <gen_tts_ttd>: Generating tts & ttd detailed data
2017-04-30 20:55:04,027 <gen_bouncerate>: Generating bouncerate above avrg paths
2017-04-30 20:55:05,931 <gen_bouncerate>: Generating bounce rate summary data
2017-04-30 20:55:07,737 <gen_bouncerate>: Generating bouncerate detailed data
2017-04-30 20:55:09,545 <gen_sources>: Generating source data
2017-04-30 20:57:30,539 <__init__>: Initializing Analytics object
2017-04-30 20:57:30,539 <gen_exec_overview>: Generating executive overview data
2017-04-30 20:57:34,062 <gen_tts_ttd>: Generating tts & ttd summary data
2017-04-30 20:57:37,473 <gen_tts_ttd>: Generating tts & ttd detailed data
2017-04-30 20:57:50,921 <gen_bouncerate>: Generating bouncerate above avrg paths
2017-04-30 20:57:52,780 <gen_bouncerate>: Generating bounce rate summary data
2017-04-30 20:57:54,560 <gen_bouncerate>: Generating bouncerate detailed data
2017-04-30 20:57:56,376 <gen_sources>: Generating source data
2017-04-30 21:00:38,866 <__init__>: Initializing Analytics object
2017-04-30 21:00:38,867 <gen_exec_overview>: Generating executive overview data
2017-04-30 21:01:29,355 <__init__>: Initializing Analytics object
2017-04-30 21:01:29,355 <gen_exec_overview>: Generating executive overview data
2017-04-30 21:02:13,022 <__init__>: Initializing Analytics object
2017-04-30 21:02:13,022 <gen_exec_overview>: Generating executive overview data
2017-04-30 21:02:16,523 <gen_tts_ttd>: Generating tts & ttd summary data
2017-04-30 21:02:19,955 <gen_tts_ttd>: Generating tts & ttd detailed data
2017-04-30 21:02:33,503 <gen_bouncerate>: Generating bouncerate above avrg paths
2017-04-30 21:02:35,311 <gen_bouncerate>: Generating bounce rate summary data
2017-04-30 21:02:37,224 <gen_bouncerate>: Generating bouncerate detailed data
2017-04-30 21:02:39,074 <gen_sources>: Generating source data
2017-04-30 21:03:18,049 <__init__>: Initializing Analytics object
2017-04-30 21:03:18,050 <gen_exec_overview>: Generating executive overview data
2017-04-30 21:03:26,574 <gen_tts_ttd>: Generating tts & ttd summary data
2017-04-30 21:03:35,204 <gen_tts_ttd>: Generating tts & ttd detailed data
2017-04-30 21:03:38,769 <gen_bouncerate>: Generating bouncerate above avrg paths
2017-04-30 21:03:40,569 <gen_bouncerate>: Generating bounce rate summary data
2017-04-30 21:03:42,491 <gen_bouncerate>: Generating bouncerate detailed data
2017-04-30 21:03:44,524 <gen_sources>: Generating source data
2017-04-30 20:56:10,701 <__init__>: Initializing Analytics object
2017-04-30 20:56:10,718 <gen_exec_overview>: Generating executive overview data
2017-04-30 20:56:14,187 <gen_tts_ttd>: Generating tts & ttd summary data
2017-04-30 20:56:17,574 <gen_tts_ttd>: Generating tts & ttd detailed data
2017-04-30 20:56:20,780 <gen_bouncerate>: Generating bouncerate above avrg paths
2017-04-30 20:56:22,444 <gen_bouncerate>: Generating bounce rate summary data
2017-04-30 20:56:24,391 <gen_bouncerate>: Generating bouncerate detailed data
2017-04-30 20:56:26,063 <gen_sources>: Generating source data
2017-04-30 21:21:52,921 <__init__>: Initializing Analytics object
2017-04-30 21:21:52,947 <gen_exec_overview>: Generating executive overview data
2017-04-30 21:21:56,834 <gen_tts_ttd>: Generating tts & ttd summary data
2017-04-30 21:22:00,204 <gen_tts_ttd>: Generating tts & ttd detailed data
2017-04-30 21:22:03,618 <gen_bouncerate>: Generating bouncerate above avrg paths
2017-04-30 21:22:05,327 <gen_bouncerate>: Generating bounce rate summary data
2017-04-30 21:22:06,997 <gen_bouncerate>: Generating bouncerate detailed data
2017-04-30 21:22:08,699 <gen_sources>: Generating source data
2017-04-30 21:25:57,450 <__init__>: Initializing Analytics object
2017-04-30 21:25:57,450 <__init__>: Initializing Analytics object
2017-04-30 21:25:57,458 <gen_exec_overview>: Generating executive overview data
2017-04-30 21:25:57,458 <gen_exec_overview>: Generating executive overview data
2017-04-30 21:26:08,950 <gen_tts_ttd>: Generating tts & ttd summary data
2017-04-30 21:26:08,950 <gen_tts_ttd>: Generating tts & ttd summary data
2017-04-30 21:26:12,690 <gen_tts_ttd>: Generating tts & ttd detailed data
2017-04-30 21:26:12,690 <gen_tts_ttd>: Generating tts & ttd detailed data
2017-04-30 21:26:16,173 <gen_bouncerate>: Generating bouncerate above avrg paths
2017-04-30 21:26:16,173 <gen_bouncerate>: Generating bouncerate above avrg paths
2017-04-30 21:26:17,874 <gen_bouncerate>: Generating bounce rate summary data
2017-04-30 21:26:17,874 <gen_bouncerate>: Generating bounce rate summary data
2017-04-30 21:26:19,752 <gen_bouncerate>: Generating bouncerate detailed data
2017-04-30 21:26:19,752 <gen_bouncerate>: Generating bouncerate detailed data
2017-04-30 21:26:21,703 <gen_sources>: Generating source data
2017-04-30 21:26:21,703 <gen_sources>: Generating source data
2017-04-30 21:28:41,786 <__init__>: Initializing Analytics object
2017-04-30 21:28:41,786 <gen_exec_overview>: Generating executive overview data
2017-04-30 21:28:45,498 <gen_tts_ttd>: Generating tts & ttd summary data
2017-04-30 21:28:48,884 <gen_tts_ttd>: Generating tts & ttd detailed data
2017-04-30 21:28:52,219 <gen_bouncerate>: Generating bouncerate above avrg paths
2017-04-30 21:28:53,947 <gen_bouncerate>: Generating bounce rate summary data
2017-04-30 21:28:55,661 <gen_bouncerate>: Generating bouncerate detailed data
2017-04-30 21:28:57,393 <gen_sources>: Generating source data
2017-04-30 21:30:30,051 <__init__>: Initializing Analytics object
2017-04-30 21:30:30,051 <gen_exec_overview>: Generating executive overview data
2017-04-30 21:30:34,164 <gen_tts_ttd>: Generating tts & ttd summary data
2017-04-30 21:30:37,737 <gen_tts_ttd>: Generating tts & ttd detailed data
2017-04-30 21:30:41,792 <gen_bouncerate>: Generating bouncerate above avrg paths
2017-04-30 21:30:43,750 <gen_bouncerate>: Generating bounce rate summary data
2017-04-30 21:30:45,448 <gen_bouncerate>: Generating bouncerate detailed data
2017-04-30 21:30:47,308 <gen_sources>: Generating source data
2017-04-30 21:39:26,306 <__init__>: Initializing Analytics object
2017-04-30 21:39:26,306 <gen_exec_overview>: Generating executive overview data
2017-04-30 21:39:31,216 <gen_tts_ttd>: Generating tts & ttd summary data
2017-04-30 21:39:39,849 <gen_tts_ttd>: Generating tts & ttd detailed data
2017-04-30 21:39:48,387 <gen_bouncerate>: Generating bouncerate above avrg paths
2017-04-30 21:39:50,696 <gen_bouncerate>: Generating bounce rate summary data
2017-04-30 21:39:52,397 <gen_bouncerate>: Generating bouncerate detailed data
2017-04-30 21:39:54,162 <gen_sources>: Generating source data
2017-04-30 21:45:02,483 <__init__>: Initializing Analytics object
2017-04-30 21:45:02,484 <gen_exec_overview>: Generating executive overview data
2017-04-30 21:45:06,234 <gen_tts_ttd>: Generating tts & ttd summary data
2017-04-30 21:45:14,799 <gen_tts_ttd>: Generating tts & ttd detailed data
2017-04-30 21:45:23,389 <gen_bouncerate>: Generating bouncerate above avrg paths
2017-04-30 21:45:25,144 <gen_bouncerate>: Generating bounce rate summary data
2017-04-30 21:45:26,893 <gen_bouncerate>: Generating bouncerate detailed data
2017-04-30 21:45:28,821 <gen_sources>: Generating source data
2017-04-30 21:48:12,388 <__init__>: Initializing Analytics object
2017-04-30 21:48:12,388 <__init__>: Initializing Analytics object
2017-04-30 21:48:12,388 <gen_exec_overview>: Generating executive overview data
2017-04-30 21:48:12,388 <gen_exec_overview>: Generating executive overview data
2017-04-30 21:48:15,870 <gen_tts_ttd>: Generating tts & ttd summary data
2017-04-30 21:48:15,870 <gen_tts_ttd>: Generating tts & ttd summary data
2017-04-30 21:48:19,355 <gen_tts_ttd>: Generating tts & ttd detailed data
2017-04-30 21:48:19,355 <gen_tts_ttd>: Generating tts & ttd detailed data
2017-04-30 21:48:22,886 <gen_bouncerate>: Generating bouncerate above avrg paths
2017-04-30 21:48:22,886 <gen_bouncerate>: Generating bouncerate above avrg paths
2017-04-30 21:48:24,714 <gen_bouncerate>: Generating bounce rate summary data
2017-04-30 21:48:24,714 <gen_bouncerate>: Generating bounce rate summary data
2017-04-30 21:48:26,656 <gen_bouncerate>: Generating bouncerate detailed data
2017-04-30 21:48:26,656 <gen_bouncerate>: Generating bouncerate detailed data
2017-04-30 21:48:28,421 <gen_sources>: Generating source data
2017-04-30 21:48:28,421 <gen_sources>: Generating source data
2017-04-30 23:08:25,187 <__init__>: Initializing Analytics object
2017-04-30 23:08:25,187 <gen_exec_overview>: Generating executive overview data
2017-04-30 23:08:33,681 <gen_tts_ttd>: Generating tts & ttd summary data
2017-04-30 23:08:42,379 <gen_tts_ttd>: Generating tts & ttd detailed data
2017-04-30 23:08:45,989 <gen_bouncerate>: Generating bouncerate above avrg paths
2017-04-30 23:08:47,730 <gen_bouncerate>: Generating bounce rate summary data
2017-04-30 23:08:49,462 <gen_bouncerate>: Generating bouncerate detailed data
2017-04-30 23:08:51,211 <gen_sources>: Generating source data
2017-05-04 23:37:28,921 <__init__>: Initializing Analytics object
2017-05-04 23:37:28,923 <gen_exec_overview>: Generating executive overview data
2017-05-04 23:37:33,433 <gen_tts_ttd>: Generating tts & ttd summary data
2017-05-04 23:37:37,218 <gen_tts_ttd>: Generating tts & ttd detailed data
2017-05-04 23:37:41,206 <gen_bouncerate>: Generating bouncerate above avrg paths
2017-05-04 23:37:43,003 <gen_bouncerate>: Generating bounce rate summary data
2017-05-04 23:37:44,953 <gen_bouncerate>: Generating bouncerate detailed data
2017-05-04 23:37:46,978 <gen_sources>: Generating source data
2017-05-04 23:41:12,331 <__init__>: Initializing Analytics object
2017-05-04 23:41:12,332 <gen_exec_overview>: Generating executive overview data
2017-05-04 23:41:15,849 <gen_tts_ttd>: Generating tts & ttd summary data
2017-05-04 23:41:19,403 <gen_tts_ttd>: Generating tts & ttd detailed data
2017-05-04 23:41:22,949 <gen_bouncerate>: Generating bouncerate above avrg paths
2017-05-04 23:41:24,817 <gen_bouncerate>: Generating bounce rate summary data
2017-05-04 23:41:26,557 <gen_bouncerate>: Generating bouncerate detailed data
2017-05-04 23:41:28,355 <gen_sources>: Generating source data
2017-06-01 17:45:20,028 <__init__>: Initializing Analytics object
2017-06-01 17:45:20,029 <gen_exec_overview>: Generating executive overview data
2017-06-01 17:45:24,616 <gen_tts_ttd>: Generating tts & ttd summary data
2017-06-01 17:45:29,478 <gen_tts_ttd>: Generating tts & ttd detailed data
2017-06-01 17:45:33,530 <gen_bouncerate>: Generating bouncerate above avrg paths
2017-06-01 17:45:35,329 <gen_bouncerate>: Generating bounce rate summary data
2017-06-01 17:45:38,587 <gen_bouncerate>: Generating bouncerate detailed data
2017-06-01 17:45:40,715 <gen_sources>: Generating source data
2017-06-01 18:00:48,483 <__init__>: Initializing Analytics object
2017-06-01 18:00:48,484 <gen_exec_overview>: Generating executive overview data
2017-06-01 18:00:57,690 <gen_tts_ttd>: Generating tts & ttd summary data
2017-06-01 18:01:01,573 <gen_tts_ttd>: Generating tts & ttd detailed data
2017-06-01 18:01:05,394 <gen_bouncerate>: Generating bouncerate above avrg paths
2017-06-01 18:01:07,189 <gen_bouncerate>: Generating bounce rate summary data
2017-06-01 18:01:09,298 <gen_bouncerate>: Generating bouncerate detailed data
2017-06-01 18:01:11,286 <gen_sources>: Generating source data
2017-06-01 18:02:08,555 <__init__>: Initializing Analytics object
2017-06-01 18:02:08,556 <gen_exec_overview>: Generating executive overview data
2017-06-01 18:02:12,200 <gen_tts_ttd>: Generating tts & ttd summary data
2017-06-01 18:02:15,732 <gen_tts_ttd>: Generating tts & ttd detailed data
2017-06-01 18:02:19,127 <gen_bouncerate>: Generating bouncerate above avrg paths
2017-06-01 18:02:21,039 <gen_bouncerate>: Generating bounce rate summary data
2017-06-01 18:02:22,810 <gen_bouncerate>: Generating bouncerate detailed data
2017-06-01 18:02:24,744 <gen_sources>: Generating source data
2017-06-01 18:03:32,232 <__init__>: Initializing Analytics object
2017-06-01 18:03:32,233 <gen_exec_overview>: Generating executive overview data
2017-06-01 18:03:36,108 <gen_tts_ttd>: Generating tts & ttd summary data
2017-06-01 18:03:39,997 <gen_tts_ttd>: Generating tts & ttd detailed data
2017-06-01 18:03:43,700 <gen_bouncerate>: Generating bouncerate above avrg paths
2017-06-01 18:03:45,610 <gen_bouncerate>: Generating bounce rate summary data
2017-06-01 18:03:47,746 <gen_bouncerate>: Generating bouncerate detailed data
2017-06-01 18:03:49,591 <gen_sources>: Generating source data
2017-06-03 20:25:33,017 <__init__>: Initializing Analytics object
2017-06-03 20:25:33,018 <gen_exec_overview>: Generating executive overview data
2017-06-03 20:25:38,255 <gen_tts_ttd>: Generating tts & ttd summary data
2017-06-03 20:25:42,024 <gen_tts_ttd>: Generating tts & ttd detailed data
2017-06-03 20:25:45,967 <gen_bouncerate>: Generating bouncerate above avrg paths
2017-06-03 20:25:47,765 <gen_bouncerate>: Generating bounce rate summary data
2017-06-03 20:25:49,813 <gen_bouncerate>: Generating bouncerate detailed data
2017-06-03 20:25:51,837 <gen_sources>: Generating source data
2017-06-03 20:39:56,192 <__init__>: Initializing Analytics object
2017-06-03 20:39:56,193 <gen_exec_overview>: Generating executive overview data
2017-06-03 20:39:59,841 <gen_tts_ttd>: Generating tts & ttd summary data
2017-06-03 20:40:03,247 <gen_tts_ttd>: Generating tts & ttd detailed data
2017-06-03 20:40:06,878 <gen_bouncerate>: Generating bouncerate above avrg paths
2017-06-03 20:40:08,656 <gen_bouncerate>: Generating bounce rate summary data
2017-06-03 20:40:10,412 <gen_bouncerate>: Generating bouncerate detailed data
2017-06-03 20:40:12,179 <gen_sources>: Generating source data
2017-06-03 20:51:02,221 <__init__>: Initializing Analytics object
2017-06-03 20:51:02,221 <gen_exec_overview>: Generating executive overview data
2017-06-03 20:51:07,068 <gen_tts_ttd>: Generating tts & ttd summary data
2017-06-03 20:51:10,491 <gen_tts_ttd>: Generating tts & ttd detailed data
2017-06-03 20:51:14,166 <gen_bouncerate>: Generating bouncerate above avrg paths
2017-06-03 20:51:15,994 <gen_bouncerate>: Generating bounce rate summary data
2017-06-03 20:51:17,895 <gen_bouncerate>: Generating bouncerate detailed data
2017-06-03 20:51:19,722 <gen_sources>: Generating source data
2017-06-03 21:41:39,979 <__init__>: Initializing Analytics object
2017-06-03 21:41:39,979 <gen_exec_overview>: Generating executive overview data
2017-06-03 21:41:44,520 <gen_tts_ttd>: Generating tts & ttd summary data
2017-06-03 21:41:47,915 <gen_tts_ttd>: Generating tts & ttd detailed data
2017-06-03 21:41:51,479 <gen_bouncerate>: Generating bouncerate above avrg paths
2017-06-03 21:41:53,250 <gen_bouncerate>: Generating bounce rate summary data
2017-06-03 21:41:55,283 <gen_bouncerate>: Generating bouncerate detailed data
2017-06-03 21:41:57,292 <gen_sources>: Generating source data
2017-06-23 15:35:48,815 <__init__>: Initializing Analytics object
2017-06-23 15:35:48,815 <gen_exec_overview>: Generating executive overview data
2017-06-23 15:37:42,946 <__init__>: Initializing Analytics object
2017-06-23 15:37:42,946 <gen_exec_overview>: Generating executive overview data
2017-06-23 10:57:30,120 <__init__>: Initializing Analytics object
2017-06-23 10:57:30,121 <gen_exec_overview>: Generating executive overview data
2017-06-23 11:22:22,758 <__init__>: Initializing Analytics object
2017-06-23 11:22:22,758 <gen_exec_overview>: Generating executive overview data
2017-06-23 11:26:16,739 <__init__>: Initializing Analytics object
2017-06-23 11:26:16,739 <gen_exec_overview>: Generating executive overview data
